<?xml version="1.0" encoding="UTF-8"?>
<testsuite name="com.datastructures.linkedlist.TestLinkedList" tests="1" skipped="0" failures="0" errors="0" timestamp="2020-12-07T14:57:41" hostname="DESKTOP-H3OO9IA" time="0.012">
  <properties/>
  <testcase name="LinkedListOperation_ShouldPassLinkedListOperationTest" classname="com.datastructures.linkedlist.TestLinkedList" time="0.012"/>
  <system-out><![CDATA[Welcome to linked list
 Adding Elements To Linked List
Uc7 Search Element
Finding element  : 70
56 >> 30 >> 70 >> null
Element found at position : 3
]]></system-out>
  <system-err><![CDATA[]]></system-err>
</testsuite>
