<?xml version="1.0" encoding="UTF-8"?>
<testsuite name="com.datastructure.stack.MyStackTest" tests="1" skipped="0" failures="1" errors="0" timestamp="2020-12-08T14:13:53" hostname="DESKTOP-H3OO9IA" time="0.03">
  <properties/>
  <testcase name="givenThreeNumbersAddedToStack_ShouldHavePerformPeakPopOperation" classname="com.datastructure.stack.MyStackTest" time="0.03">
    <failure message="java.lang.StackOverflowError" type="java.lang.StackOverflowError">java.lang.StackOverflowError
	at com.datastructures.linkedlist.LinkedList.isEmpty(LinkedList.java:26)
	at com.datastructures.linkedlist.LinkedList.isEmpty(LinkedList.java:26)
	at com.datastructures.linkedlist.LinkedList.isEmpty(LinkedList.java:26)
	at com.datastructures.linkedlist.LinkedList.isEmpty(LinkedList.java:26)
	at com.datastructures.linkedlist.LinkedList.isEmpty(LinkedList.java:26)
	at com.datastructures.linkedlist.LinkedList.isEmpty(LinkedList.java:26)
	at com.datastructures.linkedlist.LinkedList.isEmpty(LinkedList.java:26)
	at com.datastructures.linkedlist.LinkedList.isEmpty(LinkedList.java:26)
	at com.datastructures.linkedlist.LinkedList.isEmpty(LinkedList.java:26)
	at com.datastructures.linkedlist.LinkedList.isEmpty(LinkedList.java:26)
	at com.datastructures.linkedlist.LinkedList.isEmpty(LinkedList.java:26)
	at com.datastructures.linkedlist.LinkedList.isEmpty(LinkedList.java:26)
	at com.datastructures.linkedlist.LinkedList.isEmpty(LinkedList.java:26)
	at com.datastructures.linkedlist.LinkedList.isEmpty(LinkedList.java:26)
	at com.datastructures.linkedlist.LinkedList.isEmpty(LinkedList.java:26)
	at com.datastructures.linkedlist.LinkedList.isEmpty(LinkedList.java:26)
	at com.datastructures.linkedlist.LinkedList.isEmpty(LinkedList.java:26)
	at com.datastructures.linkedlist.LinkedList.isEmpty(LinkedList.java:26)
	at com.datastructures.linkedlist.LinkedList.isEmpty(LinkedList.java:26)
	at com.datastructures.linkedlist.LinkedList.isEmpty(LinkedList.java:26)
	at com.datastructures.linkedlist.LinkedList.isEmpty(LinkedList.java:26)
	at com.datastructures.linkedlist.LinkedList.isEmpty(LinkedList.java:26)
	at com.datastructures.linkedlist.LinkedList.isEmpty(LinkedList.java:26)
	at com.datastructures.linkedlist.LinkedList.isEmpty(LinkedList.java:26)
	at com.datastructures.linkedlist.LinkedList.isEmpty(LinkedList.java:26)
	at com.datastructures.linkedlist.LinkedList.isEmpty(LinkedList.java:26)
	at com.datastructures.linkedlist.LinkedList.isEmpty(LinkedList.java:26)
	at com.datastructures.linkedlist.LinkedList.isEmpty(LinkedList.java:26)
	at com.datastructures.linkedlist.LinkedList.isEmpty(LinkedList.java:26)
	at com.datastructures.linkedlist.LinkedList.isEmpty(LinkedList.java:26)
	at com.datastructures.linkedlist.LinkedList.isEmpty(LinkedList.java:26)
	at com.datastructures.linkedlist.LinkedList.isEmpty(LinkedList.java:26)
	at com.datastructures.linkedlist.LinkedList.isEmpty(LinkedList.java:26)
	at com.datastructures.linkedlist.LinkedList.isEmpty(LinkedList.java:26)
	at com.datastructures.linkedlist.LinkedList.isEmpty(LinkedList.java:26)
	at com.datastructures.linkedlist.LinkedList.isEmpty(LinkedList.java:26)
	at com.datastructures.linkedlist.LinkedList.isEmpty(LinkedList.java:26)
	at com.datastructures.linkedlist.LinkedList.isEmpty(LinkedList.java:26)
	at com.datastructures.linkedlist.LinkedList.isEmpty(LinkedList.java:26)
	at com.datastructures.linkedlist.LinkedList.isEmpty(LinkedList.java:26)
	at com.datastructures.linkedlist.LinkedList.isEmpty(LinkedList.java:26)
	at com.datastructures.linkedlist.LinkedList.isEmpty(LinkedList.java:26)
	at com.datastructures.linkedlist.LinkedList.isEmpty(LinkedList.java:26)
	at com.datastructures.linkedlist.LinkedList.isEmpty(LinkedList.java:26)
	at com.datastructures.linkedlist.LinkedList.isEmpty(LinkedList.java:26)
	at com.datastructures.linkedlist.LinkedList.isEmpty(LinkedList.java:26)
	at com.datastructures.linkedlist.LinkedList.isEmpty(LinkedList.java:26)
	at com.datastructures.linkedlist.LinkedList.isEmpty(LinkedList.java:26)
	at com.datastructures.linkedlist.LinkedList.isEmpty(LinkedList.java:26)
	at com.datastructures.linkedlist.LinkedList.isEmpty(LinkedList.java:26)
	at com.datastructures.linkedlist.LinkedList.isEmpty(LinkedList.java:26)
	at com.datastructures.linkedlist.LinkedList.isEmpty(LinkedList.java:26)
	at com.datastructures.linkedlist.LinkedList.isEmpty(LinkedList.java:26)
	at com.datastructures.linkedlist.LinkedList.isEmpty(LinkedList.java:26)
	at com.datastructures.linkedlist.LinkedList.isEmpty(LinkedList.java:26)
	at com.datastructures.linkedlist.LinkedList.isEmpty(LinkedList.java:26)
	at com.datastructures.linkedlist.LinkedList.isEmpty(LinkedList.java:26)
	at com.datastructures.linkedlist.LinkedList.isEmpty(LinkedList.java:26)
	at com.datastructures.linkedlist.LinkedList.isEmpty(LinkedList.java:26)
	at com.datastructures.linkedlist.LinkedList.isEmpty(LinkedList.java:26)
	at com.datastructures.linkedlist.LinkedList.isEmpty(LinkedList.java:26)
	at com.datastructures.linkedlist.LinkedList.isEmpty(LinkedList.java:26)
	at com.datastructures.linkedlist.LinkedList.isEmpty(LinkedList.java:26)
	at com.datastructures.linkedlist.LinkedList.isEmpty(LinkedList.java:26)
	at com.datastructures.linkedlist.LinkedList.isEmpty(LinkedList.java:26)
	at com.datastructures.linkedlist.LinkedList.isEmpty(LinkedList.java:26)
	at com.datastructures.linkedlist.LinkedList.isEmpty(LinkedList.java:26)
	at com.datastructures.linkedlist.LinkedList.isEmpty(LinkedList.java:26)
	at com.datastructures.linkedlist.LinkedList.isEmpty(LinkedList.java:26)
	at com.datastructures.linkedlist.LinkedList.isEmpty(LinkedList.java:26)
	at com.datastructures.linkedlist.LinkedList.isEmpty(LinkedList.java:26)
	at com.datastructures.linkedlist.LinkedList.isEmpty(LinkedList.java:26)
	at com.datastructures.linkedlist.LinkedList.isEmpty(LinkedList.java:26)
	at com.datastructures.linkedlist.LinkedList.isEmpty(LinkedList.java:26)
	at com.datastructures.linkedlist.LinkedList.isEmpty(LinkedList.java:26)
	at com.datastructures.linkedlist.LinkedList.isEmpty(LinkedList.java:26)
	at com.datastructures.linkedlist.LinkedList.isEmpty(LinkedList.java:26)
	at com.datastructures.linkedlist.LinkedList.isEmpty(LinkedList.java:26)
	at com.datastructures.linkedlist.LinkedList.isEmpty(LinkedList.java:26)
	at com.datastructures.linkedlist.LinkedList.isEmpty(LinkedList.java:26)
	at com.datastructures.linkedlist.LinkedList.isEmpty(LinkedList.java:26)
	at com.datastructures.linkedlist.LinkedList.isEmpty(LinkedList.java:26)
	at com.datastructures.linkedlist.LinkedList.isEmpty(LinkedList.java:26)
	at com.datastructures.linkedlist.LinkedList.isEmpty(LinkedList.java:26)
	at com.datastructures.linkedlist.LinkedList.isEmpty(LinkedList.java:26)
	at com.datastructures.linkedlist.LinkedList.isEmpty(LinkedList.java:26)
	at com.datastructures.linkedlist.LinkedList.isEmpty(LinkedList.java:26)
	at com.datastructures.linkedlist.LinkedList.isEmpty(LinkedList.java:26)
	at com.datastructures.linkedlist.LinkedList.isEmpty(LinkedList.java:26)
	at com.datastructures.linkedlist.LinkedList.isEmpty(LinkedList.java:26)
	at com.datastructures.linkedlist.LinkedList.isEmpty(LinkedList.java:26)
	at com.datastructures.linkedlist.LinkedList.isEmpty(LinkedList.java:26)
	at com.datastructures.linkedlist.LinkedList.isEmpty(LinkedList.java:26)
	at com.datastructures.linkedlist.LinkedList.isEmpty(LinkedList.java:26)
	at com.datastructures.linkedlist.LinkedList.isEmpty(LinkedList.java:26)
	at com.datastructures.linkedlist.LinkedList.isEmpty(LinkedList.java:26)
	at com.datastructures.linkedlist.LinkedList.isEmpty(LinkedList.java:26)
	at com.datastructures.linkedlist.LinkedList.isEmpty(LinkedList.java:26)
	at com.datastructures.linkedlist.LinkedList.isEmpty(LinkedList.java:26)
	at com.datastructures.linkedlist.LinkedList.isEmpty(LinkedList.java:26)
	at com.datastructures.linkedlist.LinkedList.isEmpty(LinkedList.java:26)
	at com.datastructures.linkedlist.LinkedList.isEmpty(LinkedList.java:26)
	at com.datastructures.linkedlist.LinkedList.isEmpty(LinkedList.java:26)
	at com.datastructures.linkedlist.LinkedList.isEmpty(LinkedList.java:26)
	at com.datastructures.linkedlist.LinkedList.isEmpty(LinkedList.java:26)
	at com.datastructures.linkedlist.LinkedList.isEmpty(LinkedList.java:26)
	at com.datastructures.linkedlist.LinkedList.isEmpty(LinkedList.java:26)
	at com.datastructures.linkedlist.LinkedList.isEmpty(LinkedList.java:26)
	at com.datastructures.linkedlist.LinkedList.isEmpty(LinkedList.java:26)
	at com.datastructures.linkedlist.LinkedList.isEmpty(LinkedList.java:26)
	at com.datastructures.linkedlist.LinkedList.isEmpty(LinkedList.java:26)
	at com.datastructures.linkedlist.LinkedList.isEmpty(LinkedList.java:26)
	at com.datastructures.linkedlist.LinkedList.isEmpty(LinkedList.java:26)
	at com.datastructures.linkedlist.LinkedList.isEmpty(LinkedList.java:26)
	at com.datastructures.linkedlist.LinkedList.isEmpty(LinkedList.java:26)
	at com.datastructures.linkedlist.LinkedList.isEmpty(LinkedList.java:26)
	at com.datastructures.linkedlist.LinkedList.isEmpty(LinkedList.java:26)
	at com.datastructures.linkedlist.LinkedList.isEmpty(LinkedList.java:26)
	at com.datastructures.linkedlist.LinkedList.isEmpty(LinkedList.java:26)
	at com.datastructures.linkedlist.LinkedList.isEmpty(LinkedList.java:26)
	at com.datastructures.linkedlist.LinkedList.isEmpty(LinkedList.java:26)
	at com.datastructures.linkedlist.LinkedList.isEmpty(LinkedList.java:26)
	at com.datastructures.linkedlist.LinkedList.isEmpty(LinkedList.java:26)
	at com.datastructures.linkedlist.LinkedList.isEmpty(LinkedList.java:26)
	at com.datastructures.linkedlist.LinkedList.isEmpty(LinkedList.java:26)
	at com.datastructures.linkedlist.LinkedList.isEmpty(LinkedList.java:26)
	at com.datastructures.linkedlist.LinkedList.isEmpty(LinkedList.java:26)
	at com.datastructures.linkedlist.LinkedList.isEmpty(LinkedList.java:26)
	at com.datastructures.linkedlist.LinkedList.isEmpty(LinkedList.java:26)
	at com.datastructures.linkedlist.LinkedList.isEmpty(LinkedList.java:26)
	at com.datastructures.linkedlist.LinkedList.isEmpty(LinkedList.java:26)
	at com.datastructures.linkedlist.LinkedList.isEmpty(LinkedList.java:26)
	at com.datastructures.linkedlist.LinkedList.isEmpty(LinkedList.java:26)
	at com.datastructures.linkedlist.LinkedList.isEmpty(LinkedList.java:26)
	at com.datastructures.linkedlist.LinkedList.isEmpty(LinkedList.java:26)
	at com.datastructures.linkedlist.LinkedList.isEmpty(LinkedList.java:26)
	at com.datastructures.linkedlist.LinkedList.isEmpty(LinkedList.java:26)
	at com.datastructures.linkedlist.LinkedList.isEmpty(LinkedList.java:26)
	at com.datastructures.linkedlist.LinkedList.isEmpty(LinkedList.java:26)
	at com.datastructures.linkedlist.LinkedList.isEmpty(LinkedList.java:26)
	at com.datastructures.linkedlist.LinkedList.isEmpty(LinkedList.java:26)
	at com.datastructures.linkedlist.LinkedList.isEmpty(LinkedList.java:26)
	at com.datastructures.linkedlist.LinkedList.isEmpty(LinkedList.java:26)
	at com.datastructures.linkedlist.LinkedList.isEmpty(LinkedList.java:26)
	at com.datastructures.linkedlist.LinkedList.isEmpty(LinkedList.java:26)
	at com.datastructures.linkedlist.LinkedList.isEmpty(LinkedList.java:26)
	at com.datastructures.linkedlist.LinkedList.isEmpty(LinkedList.java:26)
	at com.datastructures.linkedlist.LinkedList.isEmpty(LinkedList.java:26)
	at com.datastructures.linkedlist.LinkedList.isEmpty(LinkedList.java:26)
	at com.datastructures.linkedlist.LinkedList.isEmpty(LinkedList.java:26)
	at com.datastructures.linkedlist.LinkedList.isEmpty(LinkedList.java:26)
	at com.datastructures.linkedlist.LinkedList.isEmpty(LinkedList.java:26)
	at com.datastructures.linkedlist.LinkedList.isEmpty(LinkedList.java:26)
	at com.datastructures.linkedlist.LinkedList.isEmpty(LinkedList.java:26)
	at com.datastructures.linkedlist.LinkedList.isEmpty(LinkedList.java:26)
	at com.datastructures.linkedlist.LinkedList.isEmpty(LinkedList.java:26)
	at com.datastructures.linkedlist.LinkedList.isEmpty(LinkedList.java:26)
	at com.datastructures.linkedlist.LinkedList.isEmpty(LinkedList.java:26)
	at com.datastructures.linkedlist.LinkedList.isEmpty(LinkedList.java:26)
	at com.datastructures.linkedlist.LinkedList.isEmpty(LinkedList.java:26)
	at com.datastructures.linkedlist.LinkedList.isEmpty(LinkedList.java:26)
	at com.datastructures.linkedlist.LinkedList.isEmpty(LinkedList.java:26)
	at com.datastructures.linkedlist.LinkedList.isEmpty(LinkedList.java:26)
	at com.datastructures.linkedlist.LinkedList.isEmpty(LinkedList.java:26)
	at com.datastructures.linkedlist.LinkedList.isEmpty(LinkedList.java:26)
	at com.datastructures.linkedlist.LinkedList.isEmpty(LinkedList.java:26)
	at com.datastructures.linkedlist.LinkedList.isEmpty(LinkedList.java:26)
	at com.datastructures.linkedlist.LinkedList.isEmpty(LinkedList.java:26)
	at com.datastructures.linkedlist.LinkedList.isEmpty(LinkedList.java:26)
	at com.datastructures.linkedlist.LinkedList.isEmpty(LinkedList.java:26)
	at com.datastructures.linkedlist.LinkedList.isEmpty(LinkedList.java:26)
	at com.datastructures.linkedlist.LinkedList.isEmpty(LinkedList.java:26)
	at com.datastructures.linkedlist.LinkedList.isEmpty(LinkedList.java:26)
	at com.datastructures.linkedlist.LinkedList.isEmpty(LinkedList.java:26)
	at com.datastructures.linkedlist.LinkedList.isEmpty(LinkedList.java:26)
	at com.datastructures.linkedlist.LinkedList.isEmpty(LinkedList.java:26)
	at com.datastructures.linkedlist.LinkedList.isEmpty(LinkedList.java:26)
	at com.datastructures.linkedlist.LinkedList.isEmpty(LinkedList.java:26)
	at com.datastructures.linkedlist.LinkedList.isEmpty(LinkedList.java:26)
	at com.datastructures.linkedlist.LinkedList.isEmpty(LinkedList.java:26)
	at com.datastructures.linkedlist.LinkedList.isEmpty(LinkedList.java:26)
	at com.datastructures.linkedlist.LinkedList.isEmpty(LinkedList.java:26)
	at com.datastructures.linkedlist.LinkedList.isEmpty(LinkedList.java:26)
	at com.datastructures.linkedlist.LinkedList.isEmpty(LinkedList.java:26)
	at com.datastructures.linkedlist.LinkedList.isEmpty(LinkedList.java:26)
	at com.datastructures.linkedlist.LinkedList.isEmpty(LinkedList.java:26)
	at com.datastructures.linkedlist.LinkedList.isEmpty(LinkedList.java:26)
	at com.datastructures.linkedlist.LinkedList.isEmpty(LinkedList.java:26)
	at com.datastructures.linkedlist.LinkedList.isEmpty(LinkedList.java:26)
	at com.datastructures.linkedlist.LinkedList.isEmpty(LinkedList.java:26)
	at com.datastructures.linkedlist.LinkedList.isEmpty(LinkedList.java:26)
	at com.datastructures.linkedlist.LinkedList.isEmpty(LinkedList.java:26)
	at com.datastructures.linkedlist.LinkedList.isEmpty(LinkedList.java:26)
	at com.datastructures.linkedlist.LinkedList.isEmpty(LinkedList.java:26)
	at com.datastructures.linkedlist.LinkedList.isEmpty(LinkedList.java:26)
	at com.datastructures.linkedlist.LinkedList.isEmpty(LinkedList.java:26)
	at com.datastructures.linkedlist.LinkedList.isEmpty(LinkedList.java:26)
	at com.datastructures.linkedlist.LinkedList.isEmpty(LinkedList.java:26)
	at com.datastructures.linkedlist.LinkedList.isEmpty(LinkedList.java:26)
	at com.datastructures.linkedlist.LinkedList.isEmpty(LinkedList.java:26)
	at com.datastructures.linkedlist.LinkedList.isEmpty(LinkedList.java:26)
	at com.datastructures.linkedlist.LinkedList.isEmpty(LinkedList.java:26)
	at com.datastructures.linkedlist.LinkedList.isEmpty(LinkedList.java:26)
	at com.datastructures.linkedlist.LinkedList.isEmpty(LinkedList.java:26)
	at com.datastructures.linkedlist.LinkedList.isEmpty(LinkedList.java:26)
	at com.datastructures.linkedlist.LinkedList.isEmpty(LinkedList.java:26)
	at com.datastructures.linkedlist.LinkedList.isEmpty(LinkedList.java:26)
	at com.datastructures.linkedlist.LinkedList.isEmpty(LinkedList.java:26)
	at com.datastructures.linkedlist.LinkedList.isEmpty(LinkedList.java:26)
	at com.datastructures.linkedlist.LinkedList.isEmpty(LinkedList.java:26)
	at com.datastructures.linkedlist.LinkedList.isEmpty(LinkedList.java:26)
	at com.datastructures.linkedlist.LinkedList.isEmpty(LinkedList.java:26)
	at com.datastructures.linkedlist.LinkedList.isEmpty(LinkedList.java:26)
	at com.datastructures.linkedlist.LinkedList.isEmpty(LinkedList.java:26)
	at com.datastructures.linkedlist.LinkedList.isEmpty(LinkedList.java:26)
	at com.datastructures.linkedlist.LinkedList.isEmpty(LinkedList.java:26)
	at com.datastructures.linkedlist.LinkedList.isEmpty(LinkedList.java:26)
	at com.datastructures.linkedlist.LinkedList.isEmpty(LinkedList.java:26)
	at com.datastructures.linkedlist.LinkedList.isEmpty(LinkedList.java:26)
	at com.datastructures.linkedlist.LinkedList.isEmpty(LinkedList.java:26)
	at com.datastructures.linkedlist.LinkedList.isEmpty(LinkedList.java:26)
	at com.datastructures.linkedlist.LinkedList.isEmpty(LinkedList.java:26)
	at com.datastructures.linkedlist.LinkedList.isEmpty(LinkedList.java:26)
	at com.datastructures.linkedlist.LinkedList.isEmpty(LinkedList.java:26)
	at com.datastructures.linkedlist.LinkedList.isEmpty(LinkedList.java:26)
	at com.datastructures.linkedlist.LinkedList.isEmpty(LinkedList.java:26)
	at com.datastructures.linkedlist.LinkedList.isEmpty(LinkedList.java:26)
	at com.datastructures.linkedlist.LinkedList.isEmpty(LinkedList.java:26)
	at com.datastructures.linkedlist.LinkedList.isEmpty(LinkedList.java:26)
	at com.datastructures.linkedlist.LinkedList.isEmpty(LinkedList.java:26)
	at com.datastructures.linkedlist.LinkedList.isEmpty(LinkedList.java:26)
	at com.datastructures.linkedlist.LinkedList.isEmpty(LinkedList.java:26)
	at com.datastructures.linkedlist.LinkedList.isEmpty(LinkedList.java:26)
	at com.datastructures.linkedlist.LinkedList.isEmpty(LinkedList.java:26)
	at com.datastructures.linkedlist.LinkedList.isEmpty(LinkedList.java:26)
	at com.datastructures.linkedlist.LinkedList.isEmpty(LinkedList.java:26)
	at com.datastructures.linkedlist.LinkedList.isEmpty(LinkedList.java:26)
	at com.datastructures.linkedlist.LinkedList.isEmpty(LinkedList.java:26)
	at com.datastructures.linkedlist.LinkedList.isEmpty(LinkedList.java:26)
	at com.datastructures.linkedlist.LinkedList.isEmpty(LinkedList.java:26)
	at com.datastructures.linkedlist.LinkedList.isEmpty(LinkedList.java:26)
	at com.datastructures.linkedlist.LinkedList.isEmpty(LinkedList.java:26)
	at com.datastructures.linkedlist.LinkedList.isEmpty(LinkedList.java:26)
	at com.datastructures.linkedlist.LinkedList.isEmpty(LinkedList.java:26)
	at com.datastructures.linkedlist.LinkedList.isEmpty(LinkedList.java:26)
	at com.datastructures.linkedlist.LinkedList.isEmpty(LinkedList.java:26)
	at com.datastructures.linkedlist.LinkedList.isEmpty(LinkedList.java:26)
	at com.datastructures.linkedlist.LinkedList.isEmpty(LinkedList.java:26)
	at com.datastructures.linkedlist.LinkedList.isEmpty(LinkedList.java:26)
	at com.datastructures.linkedlist.LinkedList.isEmpty(LinkedList.java:26)
	at com.datastructures.linkedlist.LinkedList.isEmpty(LinkedList.java:26)
	at com.datastructures.linkedlist.LinkedList.isEmpty(LinkedList.java:26)
	at com.datastructures.linkedlist.LinkedList.isEmpty(LinkedList.java:26)
	at com.datastructures.linkedlist.LinkedList.isEmpty(LinkedList.java:26)
	at com.datastructures.linkedlist.LinkedList.isEmpty(LinkedList.java:26)
	at com.datastructures.linkedlist.LinkedList.isEmpty(LinkedList.java:26)
	at com.datastructures.linkedlist.LinkedList.isEmpty(LinkedList.java:26)
	at com.datastructures.linkedlist.LinkedList.isEmpty(LinkedList.java:26)
	at com.datastructures.linkedlist.LinkedList.isEmpty(LinkedList.java:26)
	at com.datastructures.linkedlist.LinkedList.isEmpty(LinkedList.java:26)
	at com.datastructures.linkedlist.LinkedList.isEmpty(LinkedList.java:26)
	at com.datastructures.linkedlist.LinkedList.isEmpty(LinkedList.java:26)
	at com.datastructures.linkedlist.LinkedList.isEmpty(LinkedList.java:26)
	at com.datastructures.linkedlist.LinkedList.isEmpty(LinkedList.java:26)
	at com.datastructures.linkedlist.LinkedList.isEmpty(LinkedList.java:26)
	at com.datastructures.linkedlist.LinkedList.isEmpty(LinkedList.java:26)
	at com.datastructures.linkedlist.LinkedList.isEmpty(LinkedList.java:26)
	at com.datastructures.linkedlist.LinkedList.isEmpty(LinkedList.java:26)
	at com.datastructures.linkedlist.LinkedList.isEmpty(LinkedList.java:26)
	at com.datastructures.linkedlist.LinkedList.isEmpty(LinkedList.java:26)
	at com.datastructures.linkedlist.LinkedList.isEmpty(LinkedList.java:26)
	at com.datastructures.linkedlist.LinkedList.isEmpty(LinkedList.java:26)
	at com.datastructures.linkedlist.LinkedList.isEmpty(LinkedList.java:26)
	at com.datastructures.linkedlist.LinkedList.isEmpty(LinkedList.java:26)
	at com.datastructures.linkedlist.LinkedList.isEmpty(LinkedList.java:26)
	at com.datastructures.linkedlist.LinkedList.isEmpty(LinkedList.java:26)
	at com.datastructures.linkedlist.LinkedList.isEmpty(LinkedList.java:26)
	at com.datastructures.linkedlist.LinkedList.isEmpty(LinkedList.java:26)
	at com.datastructures.linkedlist.LinkedList.isEmpty(LinkedList.java:26)
	at com.datastructures.linkedlist.LinkedList.isEmpty(LinkedList.java:26)
	at com.datastructures.linkedlist.LinkedList.isEmpty(LinkedList.java:26)
	at com.datastructures.linkedlist.LinkedList.isEmpty(LinkedList.java:26)
	at com.datastructures.linkedlist.LinkedList.isEmpty(LinkedList.java:26)
	at com.datastructures.linkedlist.LinkedList.isEmpty(LinkedList.java:26)
	at com.datastructures.linkedlist.LinkedList.isEmpty(LinkedList.java:26)
	at com.datastructures.linkedlist.LinkedList.isEmpty(LinkedList.java:26)
	at com.datastructures.linkedlist.LinkedList.isEmpty(LinkedList.java:26)
	at com.datastructures.linkedlist.LinkedList.isEmpty(LinkedList.java:26)
	at com.datastructures.linkedlist.LinkedList.isEmpty(LinkedList.java:26)
	at com.datastructures.linkedlist.LinkedList.isEmpty(LinkedList.java:26)
	at com.datastructures.linkedlist.LinkedList.isEmpty(LinkedList.java:26)
	at com.datastructures.linkedlist.LinkedList.isEmpty(LinkedList.java:26)
	at com.datastructures.linkedlist.LinkedList.isEmpty(LinkedList.java:26)
	at com.datastructures.linkedlist.LinkedList.isEmpty(LinkedList.java:26)
	at com.datastructures.linkedlist.LinkedList.isEmpty(LinkedList.java:26)
	at com.datastructures.linkedlist.LinkedList.isEmpty(LinkedList.java:26)
	at com.datastructures.linkedlist.LinkedList.isEmpty(LinkedList.java:26)
	at com.datastructures.linkedlist.LinkedList.isEmpty(LinkedList.java:26)
	at com.datastructures.linkedlist.LinkedList.isEmpty(LinkedList.java:26)
	at com.datastructures.linkedlist.LinkedList.isEmpty(LinkedList.java:26)
	at com.datastructures.linkedlist.LinkedList.isEmpty(LinkedList.java:26)
	at com.datastructures.linkedlist.LinkedList.isEmpty(LinkedList.java:26)
	at com.datastructures.linkedlist.LinkedList.isEmpty(LinkedList.java:26)
	at com.datastructures.linkedlist.LinkedList.isEmpty(LinkedList.java:26)
	at com.datastructures.linkedlist.LinkedList.isEmpty(LinkedList.java:26)
	at com.datastructures.linkedlist.LinkedList.isEmpty(LinkedList.java:26)
	at com.datastructures.linkedlist.LinkedList.isEmpty(LinkedList.java:26)
	at com.datastructures.linkedlist.LinkedList.isEmpty(LinkedList.java:26)
	at com.datastructures.linkedlist.LinkedList.isEmpty(LinkedList.java:26)
	at com.datastructures.linkedlist.LinkedList.isEmpty(LinkedList.java:26)
	at com.datastructures.linkedlist.LinkedList.isEmpty(LinkedList.java:26)
	at com.datastructures.linkedlist.LinkedList.isEmpty(LinkedList.java:26)
	at com.datastructures.linkedlist.LinkedList.isEmpty(LinkedList.java:26)
	at com.datastructures.linkedlist.LinkedList.isEmpty(LinkedList.java:26)
	at com.datastructures.linkedlist.LinkedList.isEmpty(LinkedList.java:26)
	at com.datastructures.linkedlist.LinkedList.isEmpty(LinkedList.java:26)
	at com.datastructures.linkedlist.LinkedList.isEmpty(LinkedList.java:26)
	at com.datastructures.linkedlist.LinkedList.isEmpty(LinkedList.java:26)
	at com.datastructures.linkedlist.LinkedList.isEmpty(LinkedList.java:26)
	at com.datastructures.linkedlist.LinkedList.isEmpty(LinkedList.java:26)
	at com.datastructures.linkedlist.LinkedList.isEmpty(LinkedList.java:26)
	at com.datastructures.linkedlist.LinkedList.isEmpty(LinkedList.java:26)
	at com.datastructures.linkedlist.LinkedList.isEmpty(LinkedList.java:26)
	at com.datastructures.linkedlist.LinkedList.isEmpty(LinkedList.java:26)
	at com.datastructures.linkedlist.LinkedList.isEmpty(LinkedList.java:26)
	at com.datastructures.linkedlist.LinkedList.isEmpty(LinkedList.java:26)
	at com.datastructures.linkedlist.LinkedList.isEmpty(LinkedList.java:26)
	at com.datastructures.linkedlist.LinkedList.isEmpty(LinkedList.java:26)
	at com.datastructures.linkedlist.LinkedList.isEmpty(LinkedList.java:26)
	at com.datastructures.linkedlist.LinkedList.isEmpty(LinkedList.java:26)
	at com.datastructures.linkedlist.LinkedList.isEmpty(LinkedList.java:26)
	at com.datastructures.linkedlist.LinkedList.isEmpty(LinkedList.java:26)
	at com.datastructures.linkedlist.LinkedList.isEmpty(LinkedList.java:26)
	at com.datastructures.linkedlist.LinkedList.isEmpty(LinkedList.java:26)
	at com.datastructures.linkedlist.LinkedList.isEmpty(LinkedList.java:26)
	at com.datastructures.linkedlist.LinkedList.isEmpty(LinkedList.java:26)
	at com.datastructures.linkedlist.LinkedList.isEmpty(LinkedList.java:26)
	at com.datastructures.linkedlist.LinkedList.isEmpty(LinkedList.java:26)
	at com.datastructures.linkedlist.LinkedList.isEmpty(LinkedList.java:26)
	at com.datastructures.linkedlist.LinkedList.isEmpty(LinkedList.java:26)
	at com.datastructures.linkedlist.LinkedList.isEmpty(LinkedList.java:26)
	at com.datastructures.linkedlist.LinkedList.isEmpty(LinkedList.java:26)
	at com.datastructures.linkedlist.LinkedList.isEmpty(LinkedList.java:26)
	at com.datastructures.linkedlist.LinkedList.isEmpty(LinkedList.java:26)
	at com.datastructures.linkedlist.LinkedList.isEmpty(LinkedList.java:26)
	at com.datastructures.linkedlist.LinkedList.isEmpty(LinkedList.java:26)
	at com.datastructures.linkedlist.LinkedList.isEmpty(LinkedList.java:26)
	at com.datastructures.linkedlist.LinkedList.isEmpty(LinkedList.java:26)
	at com.datastructures.linkedlist.LinkedList.isEmpty(LinkedList.java:26)
	at com.datastructures.linkedlist.LinkedList.isEmpty(LinkedList.java:26)
	at com.datastructures.linkedlist.LinkedList.isEmpty(LinkedList.java:26)
	at com.datastructures.linkedlist.LinkedList.isEmpty(LinkedList.java:26)
	at com.datastructures.linkedlist.LinkedList.isEmpty(LinkedList.java:26)
	at com.datastructures.linkedlist.LinkedList.isEmpty(LinkedList.java:26)
	at com.datastructures.linkedlist.LinkedList.isEmpty(LinkedList.java:26)
	at com.datastructures.linkedlist.LinkedList.isEmpty(LinkedList.java:26)
	at com.datastructures.linkedlist.LinkedList.isEmpty(LinkedList.java:26)
	at com.datastructures.linkedlist.LinkedList.isEmpty(LinkedList.java:26)
	at com.datastructures.linkedlist.LinkedList.isEmpty(LinkedList.java:26)
	at com.datastructures.linkedlist.LinkedList.isEmpty(LinkedList.java:26)
	at com.datastructures.linkedlist.LinkedList.isEmpty(LinkedList.java:26)
	at com.datastructures.linkedlist.LinkedList.isEmpty(LinkedList.java:26)
	at com.datastructures.linkedlist.LinkedList.isEmpty(LinkedList.java:26)
	at com.datastructures.linkedlist.LinkedList.isEmpty(LinkedList.java:26)
	at com.datastructures.linkedlist.LinkedList.isEmpty(LinkedList.java:26)
	at com.datastructures.linkedlist.LinkedList.isEmpty(LinkedList.java:26)
	at com.datastructures.linkedlist.LinkedList.isEmpty(LinkedList.java:26)
	at com.datastructures.linkedlist.LinkedList.isEmpty(LinkedList.java:26)
	at com.datastructures.linkedlist.LinkedList.isEmpty(LinkedList.java:26)
	at com.datastructures.linkedlist.LinkedList.isEmpty(LinkedList.java:26)
	at com.datastructures.linkedlist.LinkedList.isEmpty(LinkedList.java:26)
	at com.datastructures.linkedlist.LinkedList.isEmpty(LinkedList.java:26)
	at com.datastructures.linkedlist.LinkedList.isEmpty(LinkedList.java:26)
	at com.datastructures.linkedlist.LinkedList.isEmpty(LinkedList.java:26)
	at com.datastructures.linkedlist.LinkedList.isEmpty(LinkedList.java:26)
	at com.datastructures.linkedlist.LinkedList.isEmpty(LinkedList.java:26)
	at com.datastructures.linkedlist.LinkedList.isEmpty(LinkedList.java:26)
	at com.datastructures.linkedlist.LinkedList.isEmpty(LinkedList.java:26)
	at com.datastructures.linkedlist.LinkedList.isEmpty(LinkedList.java:26)
	at com.datastructures.linkedlist.LinkedList.isEmpty(LinkedList.java:26)
	at com.datastructures.linkedlist.LinkedList.isEmpty(LinkedList.java:26)
	at com.datastructures.linkedlist.LinkedList.isEmpty(LinkedList.java:26)
	at com.datastructures.linkedlist.LinkedList.isEmpty(LinkedList.java:26)
	at com.datastructures.linkedlist.LinkedList.isEmpty(LinkedList.java:26)
	at com.datastructures.linkedlist.LinkedList.isEmpty(LinkedList.java:26)
	at com.datastructures.linkedlist.LinkedList.isEmpty(LinkedList.java:26)
	at com.datastructures.linkedlist.LinkedList.isEmpty(LinkedList.java:26)
	at com.datastructures.linkedlist.LinkedList.isEmpty(LinkedList.java:26)
	at com.datastructures.linkedlist.LinkedList.isEmpty(LinkedList.java:26)
	at com.datastructures.linkedlist.LinkedList.isEmpty(LinkedList.java:26)
	at com.datastructures.linkedlist.LinkedList.isEmpty(LinkedList.java:26)
	at com.datastructures.linkedlist.LinkedList.isEmpty(LinkedList.java:26)
	at com.datastructures.linkedlist.LinkedList.isEmpty(LinkedList.java:26)
	at com.datastructures.linkedlist.LinkedList.isEmpty(LinkedList.java:26)
	at com.datastructures.linkedlist.LinkedList.isEmpty(LinkedList.java:26)
	at com.datastructures.linkedlist.LinkedList.isEmpty(LinkedList.java:26)
	at com.datastructures.linkedlist.LinkedList.isEmpty(LinkedList.java:26)
	at com.datastructures.linkedlist.LinkedList.isEmpty(LinkedList.java:26)
	at com.datastructures.linkedlist.LinkedList.isEmpty(LinkedList.java:26)
	at com.datastructures.linkedlist.LinkedList.isEmpty(LinkedList.java:26)
	at com.datastructures.linkedlist.LinkedList.isEmpty(LinkedList.java:26)
	at com.datastructures.linkedlist.LinkedList.isEmpty(LinkedList.java:26)
	at com.datastructures.linkedlist.LinkedList.isEmpty(LinkedList.java:26)
	at com.datastructures.linkedlist.LinkedList.isEmpty(LinkedList.java:26)
	at com.datastructures.linkedlist.LinkedList.isEmpty(LinkedList.java:26)
	at com.datastructures.linkedlist.LinkedList.isEmpty(LinkedList.java:26)
	at com.datastructures.linkedlist.LinkedList.isEmpty(LinkedList.java:26)
	at com.datastructures.linkedlist.LinkedList.isEmpty(LinkedList.java:26)
	at com.datastructures.linkedlist.LinkedList.isEmpty(LinkedList.java:26)
	at com.datastructures.linkedlist.LinkedList.isEmpty(LinkedList.java:26)
	at com.datastructures.linkedlist.LinkedList.isEmpty(LinkedList.java:26)
	at com.datastructures.linkedlist.LinkedList.isEmpty(LinkedList.java:26)
	at com.datastructures.linkedlist.LinkedList.isEmpty(LinkedList.java:26)
	at com.datastructures.linkedlist.LinkedList.isEmpty(LinkedList.java:26)
	at com.datastructures.linkedlist.LinkedList.isEmpty(LinkedList.java:26)
	at com.datastructures.linkedlist.LinkedList.isEmpty(LinkedList.java:26)
	at com.datastructures.linkedlist.LinkedList.isEmpty(LinkedList.java:26)
	at com.datastructures.linkedlist.LinkedList.isEmpty(LinkedList.java:26)
	at com.datastructures.linkedlist.LinkedList.isEmpty(LinkedList.java:26)
	at com.datastructures.linkedlist.LinkedList.isEmpty(LinkedList.java:26)
	at com.datastructures.linkedlist.LinkedList.isEmpty(LinkedList.java:26)
	at com.datastructures.linkedlist.LinkedList.isEmpty(LinkedList.java:26)
	at com.datastructures.linkedlist.LinkedList.isEmpty(LinkedList.java:26)
	at com.datastructures.linkedlist.LinkedList.isEmpty(LinkedList.java:26)
	at com.datastructures.linkedlist.LinkedList.isEmpty(LinkedList.java:26)
	at com.datastructures.linkedlist.LinkedList.isEmpty(LinkedList.java:26)
	at com.datastructures.linkedlist.LinkedList.isEmpty(LinkedList.java:26)
	at com.datastructures.linkedlist.LinkedList.isEmpty(LinkedList.java:26)
	at com.datastructures.linkedlist.LinkedList.isEmpty(LinkedList.java:26)
	at com.datastructures.linkedlist.LinkedList.isEmpty(LinkedList.java:26)
	at com.datastructures.linkedlist.LinkedList.isEmpty(LinkedList.java:26)
	at com.datastructures.linkedlist.LinkedList.isEmpty(LinkedList.java:26)
	at com.datastructures.linkedlist.LinkedList.isEmpty(LinkedList.java:26)
	at com.datastructures.linkedlist.LinkedList.isEmpty(LinkedList.java:26)
	at com.datastructures.linkedlist.LinkedList.isEmpty(LinkedList.java:26)
	at com.datastructures.linkedlist.LinkedList.isEmpty(LinkedList.java:26)
	at com.datastructures.linkedlist.LinkedList.isEmpty(LinkedList.java:26)
	at com.datastructures.linkedlist.LinkedList.isEmpty(LinkedList.java:26)
	at com.datastructures.linkedlist.LinkedList.isEmpty(LinkedList.java:26)
	at com.datastructures.linkedlist.LinkedList.isEmpty(LinkedList.java:26)
	at com.datastructures.linkedlist.LinkedList.isEmpty(LinkedList.java:26)
	at com.datastructures.linkedlist.LinkedList.isEmpty(LinkedList.java:26)
	at com.datastructures.linkedlist.LinkedList.isEmpty(LinkedList.java:26)
	at com.datastructures.linkedlist.LinkedList.isEmpty(LinkedList.java:26)
	at com.datastructures.linkedlist.LinkedList.isEmpty(LinkedList.java:26)
	at com.datastructures.linkedlist.LinkedList.isEmpty(LinkedList.java:26)
	at com.datastructures.linkedlist.LinkedList.isEmpty(LinkedList.java:26)
	at com.datastructures.linkedlist.LinkedList.isEmpty(LinkedList.java:26)
	at com.datastructures.linkedlist.LinkedList.isEmpty(LinkedList.java:26)
	at com.datastructures.linkedlist.LinkedList.isEmpty(LinkedList.java:26)
	at com.datastructures.linkedlist.LinkedList.isEmpty(LinkedList.java:26)
	at com.datastructures.linkedlist.LinkedList.isEmpty(LinkedList.java:26)
	at com.datastructures.linkedlist.LinkedList.isEmpty(LinkedList.java:26)
	at com.datastructures.linkedlist.LinkedList.isEmpty(LinkedList.java:26)
	at com.datastructures.linkedlist.LinkedList.isEmpty(LinkedList.java:26)
	at com.datastructures.linkedlist.LinkedList.isEmpty(LinkedList.java:26)
	at com.datastructures.linkedlist.LinkedList.isEmpty(LinkedList.java:26)
	at com.datastructures.linkedlist.LinkedList.isEmpty(LinkedList.java:26)
	at com.datastructures.linkedlist.LinkedList.isEmpty(LinkedList.java:26)
	at com.datastructures.linkedlist.LinkedList.isEmpty(LinkedList.java:26)
	at com.datastructures.linkedlist.LinkedList.isEmpty(LinkedList.java:26)
	at com.datastructures.linkedlist.LinkedList.isEmpty(LinkedList.java:26)
	at com.datastructures.linkedlist.LinkedList.isEmpty(LinkedList.java:26)
	at com.datastructures.linkedlist.LinkedList.isEmpty(LinkedList.java:26)
	at com.datastructures.linkedlist.LinkedList.isEmpty(LinkedList.java:26)
	at com.datastructures.linkedlist.LinkedList.isEmpty(LinkedList.java:26)
	at com.datastructures.linkedlist.LinkedList.isEmpty(LinkedList.java:26)
	at com.datastructures.linkedlist.LinkedList.isEmpty(LinkedList.java:26)
	at com.datastructures.linkedlist.LinkedList.isEmpty(LinkedList.java:26)
	at com.datastructures.linkedlist.LinkedList.isEmpty(LinkedList.java:26)
	at com.datastructures.linkedlist.LinkedList.isEmpty(LinkedList.java:26)
	at com.datastructures.linkedlist.LinkedList.isEmpty(LinkedList.java:26)
	at com.datastructures.linkedlist.LinkedList.isEmpty(LinkedList.java:26)
	at com.datastructures.linkedlist.LinkedList.isEmpty(LinkedList.java:26)
	at com.datastructures.linkedlist.LinkedList.isEmpty(LinkedList.java:26)
	at com.datastructures.linkedlist.LinkedList.isEmpty(LinkedList.java:26)
	at com.datastructures.linkedlist.LinkedList.isEmpty(LinkedList.java:26)
	at com.datastructures.linkedlist.LinkedList.isEmpty(LinkedList.java:26)
	at com.datastructures.linkedlist.LinkedList.isEmpty(LinkedList.java:26)
	at com.datastructures.linkedlist.LinkedList.isEmpty(LinkedList.java:26)
	at com.datastructures.linkedlist.LinkedList.isEmpty(LinkedList.java:26)
	at com.datastructures.linkedlist.LinkedList.isEmpty(LinkedList.java:26)
	at com.datastructures.linkedlist.LinkedList.isEmpty(LinkedList.java:26)
	at com.datastructures.linkedlist.LinkedList.isEmpty(LinkedList.java:26)
	at com.datastructures.linkedlist.LinkedList.isEmpty(LinkedList.java:26)
	at com.datastructures.linkedlist.LinkedList.isEmpty(LinkedList.java:26)
	at com.datastructures.linkedlist.LinkedList.isEmpty(LinkedList.java:26)
	at com.datastructures.linkedlist.LinkedList.isEmpty(LinkedList.java:26)
	at com.datastructures.linkedlist.LinkedList.isEmpty(LinkedList.java:26)
	at com.datastructures.linkedlist.LinkedList.isEmpty(LinkedList.java:26)
	at com.datastructures.linkedlist.LinkedList.isEmpty(LinkedList.java:26)
	at com.datastructures.linkedlist.LinkedList.isEmpty(LinkedList.java:26)
	at com.datastructures.linkedlist.LinkedList.isEmpty(LinkedList.java:26)
	at com.datastructures.linkedlist.LinkedList.isEmpty(LinkedList.java:26)
	at com.datastructures.linkedlist.LinkedList.isEmpty(LinkedList.java:26)
	at com.datastructures.linkedlist.LinkedList.isEmpty(LinkedList.java:26)
	at com.datastructures.linkedlist.LinkedList.isEmpty(LinkedList.java:26)
	at com.datastructures.linkedlist.LinkedList.isEmpty(LinkedList.java:26)
	at com.datastructures.linkedlist.LinkedList.isEmpty(LinkedList.java:26)
	at com.datastructures.linkedlist.LinkedList.isEmpty(LinkedList.java:26)
	at com.datastructures.linkedlist.LinkedList.isEmpty(LinkedList.java:26)
	at com.datastructures.linkedlist.LinkedList.isEmpty(LinkedList.java:26)
	at com.datastructures.linkedlist.LinkedList.isEmpty(LinkedList.java:26)
	at com.datastructures.linkedlist.LinkedList.isEmpty(LinkedList.java:26)
	at com.datastructures.linkedlist.LinkedList.isEmpty(LinkedList.java:26)
	at com.datastructures.linkedlist.LinkedList.isEmpty(LinkedList.java:26)
	at com.datastructures.linkedlist.LinkedList.isEmpty(LinkedList.java:26)
	at com.datastructures.linkedlist.LinkedList.isEmpty(LinkedList.java:26)
	at com.datastructures.linkedlist.LinkedList.isEmpty(LinkedList.java:26)
	at com.datastructures.linkedlist.LinkedList.isEmpty(LinkedList.java:26)
	at com.datastructures.linkedlist.LinkedList.isEmpty(LinkedList.java:26)
	at com.datastructures.linkedlist.LinkedList.isEmpty(LinkedList.java:26)
	at com.datastructures.linkedlist.LinkedList.isEmpty(LinkedList.java:26)
	at com.datastructures.linkedlist.LinkedList.isEmpty(LinkedList.java:26)
	at com.datastructures.linkedlist.LinkedList.isEmpty(LinkedList.java:26)
	at com.datastructures.linkedlist.LinkedList.isEmpty(LinkedList.java:26)
	at com.datastructures.linkedlist.LinkedList.isEmpty(LinkedList.java:26)
	at com.datastructures.linkedlist.LinkedList.isEmpty(LinkedList.java:26)
	at com.datastructures.linkedlist.LinkedList.isEmpty(LinkedList.java:26)
	at com.datastructures.linkedlist.LinkedList.isEmpty(LinkedList.java:26)
	at com.datastructures.linkedlist.LinkedList.isEmpty(LinkedList.java:26)
	at com.datastructures.linkedlist.LinkedList.isEmpty(LinkedList.java:26)
	at com.datastructures.linkedlist.LinkedList.isEmpty(LinkedList.java:26)
	at com.datastructures.linkedlist.LinkedList.isEmpty(LinkedList.java:26)
	at com.datastructures.linkedlist.LinkedList.isEmpty(LinkedList.java:26)
	at com.datastructures.linkedlist.LinkedList.isEmpty(LinkedList.java:26)
	at com.datastructures.linkedlist.LinkedList.isEmpty(LinkedList.java:26)
	at com.datastructures.linkedlist.LinkedList.isEmpty(LinkedList.java:26)
	at com.datastructures.linkedlist.LinkedList.isEmpty(LinkedList.java:26)
	at com.datastructures.linkedlist.LinkedList.isEmpty(LinkedList.java:26)
	at com.datastructures.linkedlist.LinkedList.isEmpty(LinkedList.java:26)
	at com.datastructures.linkedlist.LinkedList.isEmpty(LinkedList.java:26)
	at com.datastructures.linkedlist.LinkedList.isEmpty(LinkedList.java:26)
	at com.datastructures.linkedlist.LinkedList.isEmpty(LinkedList.java:26)
	at com.datastructures.linkedlist.LinkedList.isEmpty(LinkedList.java:26)
	at com.datastructures.linkedlist.LinkedList.isEmpty(LinkedList.java:26)
	at com.datastructures.linkedlist.LinkedList.isEmpty(LinkedList.java:26)
	at com.datastructures.linkedlist.LinkedList.isEmpty(LinkedList.java:26)
	at com.datastructures.linkedlist.LinkedList.isEmpty(LinkedList.java:26)
	at com.datastructures.linkedlist.LinkedList.isEmpty(LinkedList.java:26)
	at com.datastructures.linkedlist.LinkedList.isEmpty(LinkedList.java:26)
	at com.datastructures.linkedlist.LinkedList.isEmpty(LinkedList.java:26)
	at com.datastructures.linkedlist.LinkedList.isEmpty(LinkedList.java:26)
	at com.datastructures.linkedlist.LinkedList.isEmpty(LinkedList.java:26)
	at com.datastructures.linkedlist.LinkedList.isEmpty(LinkedList.java:26)
	at com.datastructures.linkedlist.LinkedList.isEmpty(LinkedList.java:26)
	at com.datastructures.linkedlist.LinkedList.isEmpty(LinkedList.java:26)
	at com.datastructures.linkedlist.LinkedList.isEmpty(LinkedList.java:26)
	at com.datastructures.linkedlist.LinkedList.isEmpty(LinkedList.java:26)
	at com.datastructures.linkedlist.LinkedList.isEmpty(LinkedList.java:26)
	at com.datastructures.linkedlist.LinkedList.isEmpty(LinkedList.java:26)
	at com.datastructures.linkedlist.LinkedList.isEmpty(LinkedList.java:26)
	at com.datastructures.linkedlist.LinkedList.isEmpty(LinkedList.java:26)
	at com.datastructures.linkedlist.LinkedList.isEmpty(LinkedList.java:26)
	at com.datastructures.linkedlist.LinkedList.isEmpty(LinkedList.java:26)
	at com.datastructures.linkedlist.LinkedList.isEmpty(LinkedList.java:26)
	at com.datastructures.linkedlist.LinkedList.isEmpty(LinkedList.java:26)
	at com.datastructures.linkedlist.LinkedList.isEmpty(LinkedList.java:26)
	at com.datastructures.linkedlist.LinkedList.isEmpty(LinkedList.java:26)
	at com.datastructures.linkedlist.LinkedList.isEmpty(LinkedList.java:26)
	at com.datastructures.linkedlist.LinkedList.isEmpty(LinkedList.java:26)
	at com.datastructures.linkedlist.LinkedList.isEmpty(LinkedList.java:26)
	at com.datastructures.linkedlist.LinkedList.isEmpty(LinkedList.java:26)
	at com.datastructures.linkedlist.LinkedList.isEmpty(LinkedList.java:26)
	at com.datastructures.linkedlist.LinkedList.isEmpty(LinkedList.java:26)
	at com.datastructures.linkedlist.LinkedList.isEmpty(LinkedList.java:26)
	at com.datastructures.linkedlist.LinkedList.isEmpty(LinkedList.java:26)
	at com.datastructures.linkedlist.LinkedList.isEmpty(LinkedList.java:26)
	at com.datastructures.linkedlist.LinkedList.isEmpty(LinkedList.java:26)
	at com.datastructures.linkedlist.LinkedList.isEmpty(LinkedList.java:26)
	at com.datastructures.linkedlist.LinkedList.isEmpty(LinkedList.java:26)
	at com.datastructures.linkedlist.LinkedList.isEmpty(LinkedList.java:26)
	at com.datastructures.linkedlist.LinkedList.isEmpty(LinkedList.java:26)
	at com.datastructures.linkedlist.LinkedList.isEmpty(LinkedList.java:26)
	at com.datastructures.linkedlist.LinkedList.isEmpty(LinkedList.java:26)
	at com.datastructures.linkedlist.LinkedList.isEmpty(LinkedList.java:26)
	at com.datastructures.linkedlist.LinkedList.isEmpty(LinkedList.java:26)
	at com.datastructures.linkedlist.LinkedList.isEmpty(LinkedList.java:26)
	at com.datastructures.linkedlist.LinkedList.isEmpty(LinkedList.java:26)
	at com.datastructures.linkedlist.LinkedList.isEmpty(LinkedList.java:26)
	at com.datastructures.linkedlist.LinkedList.isEmpty(LinkedList.java:26)
	at com.datastructures.linkedlist.LinkedList.isEmpty(LinkedList.java:26)
	at com.datastructures.linkedlist.LinkedList.isEmpty(LinkedList.java:26)
	at com.datastructures.linkedlist.LinkedList.isEmpty(LinkedList.java:26)
	at com.datastructures.linkedlist.LinkedList.isEmpty(LinkedList.java:26)
	at com.datastructures.linkedlist.LinkedList.isEmpty(LinkedList.java:26)
	at com.datastructures.linkedlist.LinkedList.isEmpty(LinkedList.java:26)
	at com.datastructures.linkedlist.LinkedList.isEmpty(LinkedList.java:26)
	at com.datastructures.linkedlist.LinkedList.isEmpty(LinkedList.java:26)
	at com.datastructures.linkedlist.LinkedList.isEmpty(LinkedList.java:26)
	at com.datastructures.linkedlist.LinkedList.isEmpty(LinkedList.java:26)
	at com.datastructures.linkedlist.LinkedList.isEmpty(LinkedList.java:26)
	at com.datastructures.linkedlist.LinkedList.isEmpty(LinkedList.java:26)
	at com.datastructures.linkedlist.LinkedList.isEmpty(LinkedList.java:26)
	at com.datastructures.linkedlist.LinkedList.isEmpty(LinkedList.java:26)
	at com.datastructures.linkedlist.LinkedList.isEmpty(LinkedList.java:26)
	at com.datastructures.linkedlist.LinkedList.isEmpty(LinkedList.java:26)
	at com.datastructures.linkedlist.LinkedList.isEmpty(LinkedList.java:26)
	at com.datastructures.linkedlist.LinkedList.isEmpty(LinkedList.java:26)
	at com.datastructures.linkedlist.LinkedList.isEmpty(LinkedList.java:26)
	at com.datastructures.linkedlist.LinkedList.isEmpty(LinkedList.java:26)
	at com.datastructures.linkedlist.LinkedList.isEmpty(LinkedList.java:26)
	at com.datastructures.linkedlist.LinkedList.isEmpty(LinkedList.java:26)
	at com.datastructures.linkedlist.LinkedList.isEmpty(LinkedList.java:26)
	at com.datastructures.linkedlist.LinkedList.isEmpty(LinkedList.java:26)
	at com.datastructures.linkedlist.LinkedList.isEmpty(LinkedList.java:26)
	at com.datastructures.linkedlist.LinkedList.isEmpty(LinkedList.java:26)
	at com.datastructures.linkedlist.LinkedList.isEmpty(LinkedList.java:26)
	at com.datastructures.linkedlist.LinkedList.isEmpty(LinkedList.java:26)
	at com.datastructures.linkedlist.LinkedList.isEmpty(LinkedList.java:26)
	at com.datastructures.linkedlist.LinkedList.isEmpty(LinkedList.java:26)
	at com.datastructures.linkedlist.LinkedList.isEmpty(LinkedList.java:26)
	at com.datastructures.linkedlist.LinkedList.isEmpty(LinkedList.java:26)
	at com.datastructures.linkedlist.LinkedList.isEmpty(LinkedList.java:26)
	at com.datastructures.linkedlist.LinkedList.isEmpty(LinkedList.java:26)
	at com.datastructures.linkedlist.LinkedList.isEmpty(LinkedList.java:26)
	at com.datastructures.linkedlist.LinkedList.isEmpty(LinkedList.java:26)
	at com.datastructures.linkedlist.LinkedList.isEmpty(LinkedList.java:26)
	at com.datastructures.linkedlist.LinkedList.isEmpty(LinkedList.java:26)
	at com.datastructures.linkedlist.LinkedList.isEmpty(LinkedList.java:26)
	at com.datastructures.linkedlist.LinkedList.isEmpty(LinkedList.java:26)
	at com.datastructures.linkedlist.LinkedList.isEmpty(LinkedList.java:26)
	at com.datastructures.linkedlist.LinkedList.isEmpty(LinkedList.java:26)
	at com.datastructures.linkedlist.LinkedList.isEmpty(LinkedList.java:26)
	at com.datastructures.linkedlist.LinkedList.isEmpty(LinkedList.java:26)
	at com.datastructures.linkedlist.LinkedList.isEmpty(LinkedList.java:26)
	at com.datastructures.linkedlist.LinkedList.isEmpty(LinkedList.java:26)
	at com.datastructures.linkedlist.LinkedList.isEmpty(LinkedList.java:26)
	at com.datastructures.linkedlist.LinkedList.isEmpty(LinkedList.java:26)
	at com.datastructures.linkedlist.LinkedList.isEmpty(LinkedList.java:26)
	at com.datastructures.linkedlist.LinkedList.isEmpty(LinkedList.java:26)
	at com.datastructures.linkedlist.LinkedList.isEmpty(LinkedList.java:26)
	at com.datastructures.linkedlist.LinkedList.isEmpty(LinkedList.java:26)
	at com.datastructures.linkedlist.LinkedList.isEmpty(LinkedList.java:26)
	at com.datastructures.linkedlist.LinkedList.isEmpty(LinkedList.java:26)
	at com.datastructures.linkedlist.LinkedList.isEmpty(LinkedList.java:26)
	at com.datastructures.linkedlist.LinkedList.isEmpty(LinkedList.java:26)
	at com.datastructures.linkedlist.LinkedList.isEmpty(LinkedList.java:26)
	at com.datastructures.linkedlist.LinkedList.isEmpty(LinkedList.java:26)
	at com.datastructures.linkedlist.LinkedList.isEmpty(LinkedList.java:26)
	at com.datastructures.linkedlist.LinkedList.isEmpty(LinkedList.java:26)
	at com.datastructures.linkedlist.LinkedList.isEmpty(LinkedList.java:26)
	at com.datastructures.linkedlist.LinkedList.isEmpty(LinkedList.java:26)
	at com.datastructures.linkedlist.LinkedList.isEmpty(LinkedList.java:26)
	at com.datastructures.linkedlist.LinkedList.isEmpty(LinkedList.java:26)
	at com.datastructures.linkedlist.LinkedList.isEmpty(LinkedList.java:26)
	at com.datastructures.linkedlist.LinkedList.isEmpty(LinkedList.java:26)
	at com.datastructures.linkedlist.LinkedList.isEmpty(LinkedList.java:26)
	at com.datastructures.linkedlist.LinkedList.isEmpty(LinkedList.java:26)
	at com.datastructures.linkedlist.LinkedList.isEmpty(LinkedList.java:26)
	at com.datastructures.linkedlist.LinkedList.isEmpty(LinkedList.java:26)
	at com.datastructures.linkedlist.LinkedList.isEmpty(LinkedList.java:26)
	at com.datastructures.linkedlist.LinkedList.isEmpty(LinkedList.java:26)
	at com.datastructures.linkedlist.LinkedList.isEmpty(LinkedList.java:26)
	at com.datastructures.linkedlist.LinkedList.isEmpty(LinkedList.java:26)
	at com.datastructures.linkedlist.LinkedList.isEmpty(LinkedList.java:26)
	at com.datastructures.linkedlist.LinkedList.isEmpty(LinkedList.java:26)
	at com.datastructures.linkedlist.LinkedList.isEmpty(LinkedList.java:26)
	at com.datastructures.linkedlist.LinkedList.isEmpty(LinkedList.java:26)
	at com.datastructures.linkedlist.LinkedList.isEmpty(LinkedList.java:26)
	at com.datastructures.linkedlist.LinkedList.isEmpty(LinkedList.java:26)
	at com.datastructures.linkedlist.LinkedList.isEmpty(LinkedList.java:26)
	at com.datastructures.linkedlist.LinkedList.isEmpty(LinkedList.java:26)
	at com.datastructures.linkedlist.LinkedList.isEmpty(LinkedList.java:26)
	at com.datastructures.linkedlist.LinkedList.isEmpty(LinkedList.java:26)
	at com.datastructures.linkedlist.LinkedList.isEmpty(LinkedList.java:26)
	at com.datastructures.linkedlist.LinkedList.isEmpty(LinkedList.java:26)
	at com.datastructures.linkedlist.LinkedList.isEmpty(LinkedList.java:26)
	at com.datastructures.linkedlist.LinkedList.isEmpty(LinkedList.java:26)
	at com.datastructures.linkedlist.LinkedList.isEmpty(LinkedList.java:26)
	at com.datastructures.linkedlist.LinkedList.isEmpty(LinkedList.java:26)
	at com.datastructures.linkedlist.LinkedList.isEmpty(LinkedList.java:26)
	at com.datastructures.linkedlist.LinkedList.isEmpty(LinkedList.java:26)
	at com.datastructures.linkedlist.LinkedList.isEmpty(LinkedList.java:26)
	at com.datastructures.linkedlist.LinkedList.isEmpty(LinkedList.java:26)
	at com.datastructures.linkedlist.LinkedList.isEmpty(LinkedList.java:26)
	at com.datastructures.linkedlist.LinkedList.isEmpty(LinkedList.java:26)
	at com.datastructures.linkedlist.LinkedList.isEmpty(LinkedList.java:26)
	at com.datastructures.linkedlist.LinkedList.isEmpty(LinkedList.java:26)
	at com.datastructures.linkedlist.LinkedList.isEmpty(LinkedList.java:26)
	at com.datastructures.linkedlist.LinkedList.isEmpty(LinkedList.java:26)
	at com.datastructures.linkedlist.LinkedList.isEmpty(LinkedList.java:26)
	at com.datastructures.linkedlist.LinkedList.isEmpty(LinkedList.java:26)
	at com.datastructures.linkedlist.LinkedList.isEmpty(LinkedList.java:26)
	at com.datastructures.linkedlist.LinkedList.isEmpty(LinkedList.java:26)
	at com.datastructures.linkedlist.LinkedList.isEmpty(LinkedList.java:26)
	at com.datastructures.linkedlist.LinkedList.isEmpty(LinkedList.java:26)
	at com.datastructures.linkedlist.LinkedList.isEmpty(LinkedList.java:26)
	at com.datastructures.linkedlist.LinkedList.isEmpty(LinkedList.java:26)
	at com.datastructures.linkedlist.LinkedList.isEmpty(LinkedList.java:26)
	at com.datastructures.linkedlist.LinkedList.isEmpty(LinkedList.java:26)
	at com.datastructures.linkedlist.LinkedList.isEmpty(LinkedList.java:26)
	at com.datastructures.linkedlist.LinkedList.isEmpty(LinkedList.java:26)
	at com.datastructures.linkedlist.LinkedList.isEmpty(LinkedList.java:26)
	at com.datastructures.linkedlist.LinkedList.isEmpty(LinkedList.java:26)
	at com.datastructures.linkedlist.LinkedList.isEmpty(LinkedList.java:26)
	at com.datastructures.linkedlist.LinkedList.isEmpty(LinkedList.java:26)
	at com.datastructures.linkedlist.LinkedList.isEmpty(LinkedList.java:26)
	at com.datastructures.linkedlist.LinkedList.isEmpty(LinkedList.java:26)
	at com.datastructures.linkedlist.LinkedList.isEmpty(LinkedList.java:26)
	at com.datastructures.linkedlist.LinkedList.isEmpty(LinkedList.java:26)
	at com.datastructures.linkedlist.LinkedList.isEmpty(LinkedList.java:26)
	at com.datastructures.linkedlist.LinkedList.isEmpty(LinkedList.java:26)
	at com.datastructures.linkedlist.LinkedList.isEmpty(LinkedList.java:26)
	at com.datastructures.linkedlist.LinkedList.isEmpty(LinkedList.java:26)
	at com.datastructures.linkedlist.LinkedList.isEmpty(LinkedList.java:26)
	at com.datastructures.linkedlist.LinkedList.isEmpty(LinkedList.java:26)
	at com.datastructures.linkedlist.LinkedList.isEmpty(LinkedList.java:26)
	at com.datastructures.linkedlist.LinkedList.isEmpty(LinkedList.java:26)
	at com.datastructures.linkedlist.LinkedList.isEmpty(LinkedList.java:26)
	at com.datastructures.linkedlist.LinkedList.isEmpty(LinkedList.java:26)
	at com.datastructures.linkedlist.LinkedList.isEmpty(LinkedList.java:26)
	at com.datastructures.linkedlist.LinkedList.isEmpty(LinkedList.java:26)
	at com.datastructures.linkedlist.LinkedList.isEmpty(LinkedList.java:26)
	at com.datastructures.linkedlist.LinkedList.isEmpty(LinkedList.java:26)
	at com.datastructures.linkedlist.LinkedList.isEmpty(LinkedList.java:26)
	at com.datastructures.linkedlist.LinkedList.isEmpty(LinkedList.java:26)
	at com.datastructures.linkedlist.LinkedList.isEmpty(LinkedList.java:26)
	at com.datastructures.linkedlist.LinkedList.isEmpty(LinkedList.java:26)
	at com.datastructures.linkedlist.LinkedList.isEmpty(LinkedList.java:26)
	at com.datastructures.linkedlist.LinkedList.isEmpty(LinkedList.java:26)
	at com.datastructures.linkedlist.LinkedList.isEmpty(LinkedList.java:26)
	at com.datastructures.linkedlist.LinkedList.isEmpty(LinkedList.java:26)
	at com.datastructures.linkedlist.LinkedList.isEmpty(LinkedList.java:26)
	at com.datastructures.linkedlist.LinkedList.isEmpty(LinkedList.java:26)
	at com.datastructures.linkedlist.LinkedList.isEmpty(LinkedList.java:26)
	at com.datastructures.linkedlist.LinkedList.isEmpty(LinkedList.java:26)
	at com.datastructures.linkedlist.LinkedList.isEmpty(LinkedList.java:26)
	at com.datastructures.linkedlist.LinkedList.isEmpty(LinkedList.java:26)
	at com.datastructures.linkedlist.LinkedList.isEmpty(LinkedList.java:26)
	at com.datastructures.linkedlist.LinkedList.isEmpty(LinkedList.java:26)
	at com.datastructures.linkedlist.LinkedList.isEmpty(LinkedList.java:26)
	at com.datastructures.linkedlist.LinkedList.isEmpty(LinkedList.java:26)
	at com.datastructures.linkedlist.LinkedList.isEmpty(LinkedList.java:26)
	at com.datastructures.linkedlist.LinkedList.isEmpty(LinkedList.java:26)
	at com.datastructures.linkedlist.LinkedList.isEmpty(LinkedList.java:26)
	at com.datastructures.linkedlist.LinkedList.isEmpty(LinkedList.java:26)
	at com.datastructures.linkedlist.LinkedList.isEmpty(LinkedList.java:26)
	at com.datastructures.linkedlist.LinkedList.isEmpty(LinkedList.java:26)
	at com.datastructures.linkedlist.LinkedList.isEmpty(LinkedList.java:26)
	at com.datastructures.linkedlist.LinkedList.isEmpty(LinkedList.java:26)
	at com.datastructures.linkedlist.LinkedList.isEmpty(LinkedList.java:26)
	at com.datastructures.linkedlist.LinkedList.isEmpty(LinkedList.java:26)
	at com.datastructures.linkedlist.LinkedList.isEmpty(LinkedList.java:26)
	at com.datastructures.linkedlist.LinkedList.isEmpty(LinkedList.java:26)
	at com.datastructures.linkedlist.LinkedList.isEmpty(LinkedList.java:26)
	at com.datastructures.linkedlist.LinkedList.isEmpty(LinkedList.java:26)
	at com.datastructures.linkedlist.LinkedList.isEmpty(LinkedList.java:26)
	at com.datastructures.linkedlist.LinkedList.isEmpty(LinkedList.java:26)
	at com.datastructures.linkedlist.LinkedList.isEmpty(LinkedList.java:26)
	at com.datastructures.linkedlist.LinkedList.isEmpty(LinkedList.java:26)
	at com.datastructures.linkedlist.LinkedList.isEmpty(LinkedList.java:26)
	at com.datastructures.linkedlist.LinkedList.isEmpty(LinkedList.java:26)
	at com.datastructures.linkedlist.LinkedList.isEmpty(LinkedList.java:26)
	at com.datastructures.linkedlist.LinkedList.isEmpty(LinkedList.java:26)
	at com.datastructures.linkedlist.LinkedList.isEmpty(LinkedList.java:26)
	at com.datastructures.linkedlist.LinkedList.isEmpty(LinkedList.java:26)
	at com.datastructures.linkedlist.LinkedList.isEmpty(LinkedList.java:26)
	at com.datastructures.linkedlist.LinkedList.isEmpty(LinkedList.java:26)
	at com.datastructures.linkedlist.LinkedList.isEmpty(LinkedList.java:26)
	at com.datastructures.linkedlist.LinkedList.isEmpty(LinkedList.java:26)
	at com.datastructures.linkedlist.LinkedList.isEmpty(LinkedList.java:26)
	at com.datastructures.linkedlist.LinkedList.isEmpty(LinkedList.java:26)
	at com.datastructures.linkedlist.LinkedList.isEmpty(LinkedList.java:26)
	at com.datastructures.linkedlist.LinkedList.isEmpty(LinkedList.java:26)
	at com.datastructures.linkedlist.LinkedList.isEmpty(LinkedList.java:26)
	at com.datastructures.linkedlist.LinkedList.isEmpty(LinkedList.java:26)
	at com.datastructures.linkedlist.LinkedList.isEmpty(LinkedList.java:26)
	at com.datastructures.linkedlist.LinkedList.isEmpty(LinkedList.java:26)
	at com.datastructures.linkedlist.LinkedList.isEmpty(LinkedList.java:26)
	at com.datastructures.linkedlist.LinkedList.isEmpty(LinkedList.java:26)
	at com.datastructures.linkedlist.LinkedList.isEmpty(LinkedList.java:26)
	at com.datastructures.linkedlist.LinkedList.isEmpty(LinkedList.java:26)
	at com.datastructures.linkedlist.LinkedList.isEmpty(LinkedList.java:26)
	at com.datastructures.linkedlist.LinkedList.isEmpty(LinkedList.java:26)
	at com.datastructures.linkedlist.LinkedList.isEmpty(LinkedList.java:26)
	at com.datastructures.linkedlist.LinkedList.isEmpty(LinkedList.java:26)
	at com.datastructures.linkedlist.LinkedList.isEmpty(LinkedList.java:26)
	at com.datastructures.linkedlist.LinkedList.isEmpty(LinkedList.java:26)
	at com.datastructures.linkedlist.LinkedList.isEmpty(LinkedList.java:26)
	at com.datastructures.linkedlist.LinkedList.isEmpty(LinkedList.java:26)
	at com.datastructures.linkedlist.LinkedList.isEmpty(LinkedList.java:26)
	at com.datastructures.linkedlist.LinkedList.isEmpty(LinkedList.java:26)
	at com.datastructures.linkedlist.LinkedList.isEmpty(LinkedList.java:26)
	at com.datastructures.linkedlist.LinkedList.isEmpty(LinkedList.java:26)
	at com.datastructures.linkedlist.LinkedList.isEmpty(LinkedList.java:26)
	at com.datastructures.linkedlist.LinkedList.isEmpty(LinkedList.java:26)
	at com.datastructures.linkedlist.LinkedList.isEmpty(LinkedList.java:26)
	at com.datastructures.linkedlist.LinkedList.isEmpty(LinkedList.java:26)
	at com.datastructures.linkedlist.LinkedList.isEmpty(LinkedList.java:26)
	at com.datastructures.linkedlist.LinkedList.isEmpty(LinkedList.java:26)
	at com.datastructures.linkedlist.LinkedList.isEmpty(LinkedList.java:26)
	at com.datastructures.linkedlist.LinkedList.isEmpty(LinkedList.java:26)
	at com.datastructures.linkedlist.LinkedList.isEmpty(LinkedList.java:26)
	at com.datastructures.linkedlist.LinkedList.isEmpty(LinkedList.java:26)
	at com.datastructures.linkedlist.LinkedList.isEmpty(LinkedList.java:26)
	at com.datastructures.linkedlist.LinkedList.isEmpty(LinkedList.java:26)
	at com.datastructures.linkedlist.LinkedList.isEmpty(LinkedList.java:26)
	at com.datastructures.linkedlist.LinkedList.isEmpty(LinkedList.java:26)
	at com.datastructures.linkedlist.LinkedList.isEmpty(LinkedList.java:26)
	at com.datastructures.linkedlist.LinkedList.isEmpty(LinkedList.java:26)
	at com.datastructures.linkedlist.LinkedList.isEmpty(LinkedList.java:26)
	at com.datastructures.linkedlist.LinkedList.isEmpty(LinkedList.java:26)
	at com.datastructures.linkedlist.LinkedList.isEmpty(LinkedList.java:26)
	at com.datastructures.linkedlist.LinkedList.isEmpty(LinkedList.java:26)
	at com.datastructures.linkedlist.LinkedList.isEmpty(LinkedList.java:26)
	at com.datastructures.linkedlist.LinkedList.isEmpty(LinkedList.java:26)
	at com.datastructures.linkedlist.LinkedList.isEmpty(LinkedList.java:26)
	at com.datastructures.linkedlist.LinkedList.isEmpty(LinkedList.java:26)
	at com.datastructures.linkedlist.LinkedList.isEmpty(LinkedList.java:26)
	at com.datastructures.linkedlist.LinkedList.isEmpty(LinkedList.java:26)
	at com.datastructures.linkedlist.LinkedList.isEmpty(LinkedList.java:26)
	at com.datastructures.linkedlist.LinkedList.isEmpty(LinkedList.java:26)
	at com.datastructures.linkedlist.LinkedList.isEmpty(LinkedList.java:26)
	at com.datastructures.linkedlist.LinkedList.isEmpty(LinkedList.java:26)
	at com.datastructures.linkedlist.LinkedList.isEmpty(LinkedList.java:26)
	at com.datastructures.linkedlist.LinkedList.isEmpty(LinkedList.java:26)
	at com.datastructures.linkedlist.LinkedList.isEmpty(LinkedList.java:26)
	at com.datastructures.linkedlist.LinkedList.isEmpty(LinkedList.java:26)
	at com.datastructures.linkedlist.LinkedList.isEmpty(LinkedList.java:26)
	at com.datastructures.linkedlist.LinkedList.isEmpty(LinkedList.java:26)
	at com.datastructures.linkedlist.LinkedList.isEmpty(LinkedList.java:26)
	at com.datastructures.linkedlist.LinkedList.isEmpty(LinkedList.java:26)
	at com.datastructures.linkedlist.LinkedList.isEmpty(LinkedList.java:26)
	at com.datastructures.linkedlist.LinkedList.isEmpty(LinkedList.java:26)
	at com.datastructures.linkedlist.LinkedList.isEmpty(LinkedList.java:26)
	at com.datastructures.linkedlist.LinkedList.isEmpty(LinkedList.java:26)
	at com.datastructures.linkedlist.LinkedList.isEmpty(LinkedList.java:26)
	at com.datastructures.linkedlist.LinkedList.isEmpty(LinkedList.java:26)
	at com.datastructures.linkedlist.LinkedList.isEmpty(LinkedList.java:26)
	at com.datastructures.linkedlist.LinkedList.isEmpty(LinkedList.java:26)
	at com.datastructures.linkedlist.LinkedList.isEmpty(LinkedList.java:26)
	at com.datastructures.linkedlist.LinkedList.isEmpty(LinkedList.java:26)
	at com.datastructures.linkedlist.LinkedList.isEmpty(LinkedList.java:26)
	at com.datastructures.linkedlist.LinkedList.isEmpty(LinkedList.java:26)
	at com.datastructures.linkedlist.LinkedList.isEmpty(LinkedList.java:26)
	at com.datastructures.linkedlist.LinkedList.isEmpty(LinkedList.java:26)
	at com.datastructures.linkedlist.LinkedList.isEmpty(LinkedList.java:26)
	at com.datastructures.linkedlist.LinkedList.isEmpty(LinkedList.java:26)
	at com.datastructures.linkedlist.LinkedList.isEmpty(LinkedList.java:26)
	at com.datastructures.linkedlist.LinkedList.isEmpty(LinkedList.java:26)
	at com.datastructures.linkedlist.LinkedList.isEmpty(LinkedList.java:26)
	at com.datastructures.linkedlist.LinkedList.isEmpty(LinkedList.java:26)
	at com.datastructures.linkedlist.LinkedList.isEmpty(LinkedList.java:26)
	at com.datastructures.linkedlist.LinkedList.isEmpty(LinkedList.java:26)
	at com.datastructures.linkedlist.LinkedList.isEmpty(LinkedList.java:26)
	at com.datastructures.linkedlist.LinkedList.isEmpty(LinkedList.java:26)
	at com.datastructures.linkedlist.LinkedList.isEmpty(LinkedList.java:26)
	at com.datastructures.linkedlist.LinkedList.isEmpty(LinkedList.java:26)
	at com.datastructures.linkedlist.LinkedList.isEmpty(LinkedList.java:26)
	at com.datastructures.linkedlist.LinkedList.isEmpty(LinkedList.java:26)
	at com.datastructures.linkedlist.LinkedList.isEmpty(LinkedList.java:26)
	at com.datastructures.linkedlist.LinkedList.isEmpty(LinkedList.java:26)
	at com.datastructures.linkedlist.LinkedList.isEmpty(LinkedList.java:26)
	at com.datastructures.linkedlist.LinkedList.isEmpty(LinkedList.java:26)
	at com.datastructures.linkedlist.LinkedList.isEmpty(LinkedList.java:26)
	at com.datastructures.linkedlist.LinkedList.isEmpty(LinkedList.java:26)
	at com.datastructures.linkedlist.LinkedList.isEmpty(LinkedList.java:26)
	at com.datastructures.linkedlist.LinkedList.isEmpty(LinkedList.java:26)
	at com.datastructures.linkedlist.LinkedList.isEmpty(LinkedList.java:26)
	at com.datastructures.linkedlist.LinkedList.isEmpty(LinkedList.java:26)
	at com.datastructures.linkedlist.LinkedList.isEmpty(LinkedList.java:26)
	at com.datastructures.linkedlist.LinkedList.isEmpty(LinkedList.java:26)
	at com.datastructures.linkedlist.LinkedList.isEmpty(LinkedList.java:26)
	at com.datastructures.linkedlist.LinkedList.isEmpty(LinkedList.java:26)
	at com.datastructures.linkedlist.LinkedList.isEmpty(LinkedList.java:26)
	at com.datastructures.linkedlist.LinkedList.isEmpty(LinkedList.java:26)
	at com.datastructures.linkedlist.LinkedList.isEmpty(LinkedList.java:26)
	at com.datastructures.linkedlist.LinkedList.isEmpty(LinkedList.java:26)
	at com.datastructures.linkedlist.LinkedList.isEmpty(LinkedList.java:26)
	at com.datastructures.linkedlist.LinkedList.isEmpty(LinkedList.java:26)
	at com.datastructures.linkedlist.LinkedList.isEmpty(LinkedList.java:26)
	at com.datastructures.linkedlist.LinkedList.isEmpty(LinkedList.java:26)
	at com.datastructures.linkedlist.LinkedList.isEmpty(LinkedList.java:26)
	at com.datastructures.linkedlist.LinkedList.isEmpty(LinkedList.java:26)
	at com.datastructures.linkedlist.LinkedList.isEmpty(LinkedList.java:26)
	at com.datastructures.linkedlist.LinkedList.isEmpty(LinkedList.java:26)
	at com.datastructures.linkedlist.LinkedList.isEmpty(LinkedList.java:26)
	at com.datastructures.linkedlist.LinkedList.isEmpty(LinkedList.java:26)
	at com.datastructures.linkedlist.LinkedList.isEmpty(LinkedList.java:26)
	at com.datastructures.linkedlist.LinkedList.isEmpty(LinkedList.java:26)
	at com.datastructures.linkedlist.LinkedList.isEmpty(LinkedList.java:26)
	at com.datastructures.linkedlist.LinkedList.isEmpty(LinkedList.java:26)
	at com.datastructures.linkedlist.LinkedList.isEmpty(LinkedList.java:26)
	at com.datastructures.linkedlist.LinkedList.isEmpty(LinkedList.java:26)
	at com.datastructures.linkedlist.LinkedList.isEmpty(LinkedList.java:26)
	at com.datastructures.linkedlist.LinkedList.isEmpty(LinkedList.java:26)
	at com.datastructures.linkedlist.LinkedList.isEmpty(LinkedList.java:26)
	at com.datastructures.linkedlist.LinkedList.isEmpty(LinkedList.java:26)
	at com.datastructures.linkedlist.LinkedList.isEmpty(LinkedList.java:26)
	at com.datastructures.linkedlist.LinkedList.isEmpty(LinkedList.java:26)
	at com.datastructures.linkedlist.LinkedList.isEmpty(LinkedList.java:26)
	at com.datastructures.linkedlist.LinkedList.isEmpty(LinkedList.java:26)
	at com.datastructures.linkedlist.LinkedList.isEmpty(LinkedList.java:26)
	at com.datastructures.linkedlist.LinkedList.isEmpty(LinkedList.java:26)
	at com.datastructures.linkedlist.LinkedList.isEmpty(LinkedList.java:26)
	at com.datastructures.linkedlist.LinkedList.isEmpty(LinkedList.java:26)
	at com.datastructures.linkedlist.LinkedList.isEmpty(LinkedList.java:26)
	at com.datastructures.linkedlist.LinkedList.isEmpty(LinkedList.java:26)
	at com.datastructures.linkedlist.LinkedList.isEmpty(LinkedList.java:26)
	at com.datastructures.linkedlist.LinkedList.isEmpty(LinkedList.java:26)
	at com.datastructures.linkedlist.LinkedList.isEmpty(LinkedList.java:26)
	at com.datastructures.linkedlist.LinkedList.isEmpty(LinkedList.java:26)
	at com.datastructures.linkedlist.LinkedList.isEmpty(LinkedList.java:26)
	at com.datastructures.linkedlist.LinkedList.isEmpty(LinkedList.java:26)
	at com.datastructures.linkedlist.LinkedList.isEmpty(LinkedList.java:26)
	at com.datastructures.linkedlist.LinkedList.isEmpty(LinkedList.java:26)
	at com.datastructures.linkedlist.LinkedList.isEmpty(LinkedList.java:26)
	at com.datastructures.linkedlist.LinkedList.isEmpty(LinkedList.java:26)
	at com.datastructures.linkedlist.LinkedList.isEmpty(LinkedList.java:26)
	at com.datastructures.linkedlist.LinkedList.isEmpty(LinkedList.java:26)
	at com.datastructures.linkedlist.LinkedList.isEmpty(LinkedList.java:26)
	at com.datastructures.linkedlist.LinkedList.isEmpty(LinkedList.java:26)
	at com.datastructures.linkedlist.LinkedList.isEmpty(LinkedList.java:26)
	at com.datastructures.linkedlist.LinkedList.isEmpty(LinkedList.java:26)
	at com.datastructures.linkedlist.LinkedList.isEmpty(LinkedList.java:26)
	at com.datastructures.linkedlist.LinkedList.isEmpty(LinkedList.java:26)
	at com.datastructures.linkedlist.LinkedList.isEmpty(LinkedList.java:26)
	at com.datastructures.linkedlist.LinkedList.isEmpty(LinkedList.java:26)
	at com.datastructures.linkedlist.LinkedList.isEmpty(LinkedList.java:26)
	at com.datastructures.linkedlist.LinkedList.isEmpty(LinkedList.java:26)
	at com.datastructures.linkedlist.LinkedList.isEmpty(LinkedList.java:26)
	at com.datastructures.linkedlist.LinkedList.isEmpty(LinkedList.java:26)
	at com.datastructures.linkedlist.LinkedList.isEmpty(LinkedList.java:26)
	at com.datastructures.linkedlist.LinkedList.isEmpty(LinkedList.java:26)
	at com.datastructures.linkedlist.LinkedList.isEmpty(LinkedList.java:26)
	at com.datastructures.linkedlist.LinkedList.isEmpty(LinkedList.java:26)
	at com.datastructures.linkedlist.LinkedList.isEmpty(LinkedList.java:26)
	at com.datastructures.linkedlist.LinkedList.isEmpty(LinkedList.java:26)
	at com.datastructures.linkedlist.LinkedList.isEmpty(LinkedList.java:26)
	at com.datastructures.linkedlist.LinkedList.isEmpty(LinkedList.java:26)
	at com.datastructures.linkedlist.LinkedList.isEmpty(LinkedList.java:26)
	at com.datastructures.linkedlist.LinkedList.isEmpty(LinkedList.java:26)
	at com.datastructures.linkedlist.LinkedList.isEmpty(LinkedList.java:26)
	at com.datastructures.linkedlist.LinkedList.isEmpty(LinkedList.java:26)
	at com.datastructures.linkedlist.LinkedList.isEmpty(LinkedList.java:26)
	at com.datastructures.linkedlist.LinkedList.isEmpty(LinkedList.java:26)
	at com.datastructures.linkedlist.LinkedList.isEmpty(LinkedList.java:26)
	at com.datastructures.linkedlist.LinkedList.isEmpty(LinkedList.java:26)
	at com.datastructures.linkedlist.LinkedList.isEmpty(LinkedList.java:26)
	at com.datastructures.linkedlist.LinkedList.isEmpty(LinkedList.java:26)
	at com.datastructures.linkedlist.LinkedList.isEmpty(LinkedList.java:26)
	at com.datastructures.linkedlist.LinkedList.isEmpty(LinkedList.java:26)
	at com.datastructures.linkedlist.LinkedList.isEmpty(LinkedList.java:26)
	at com.datastructures.linkedlist.LinkedList.isEmpty(LinkedList.java:26)
	at com.datastructures.linkedlist.LinkedList.isEmpty(LinkedList.java:26)
	at com.datastructures.linkedlist.LinkedList.isEmpty(LinkedList.java:26)
	at com.datastructures.linkedlist.LinkedList.isEmpty(LinkedList.java:26)
	at com.datastructures.linkedlist.LinkedList.isEmpty(LinkedList.java:26)
	at com.datastructures.linkedlist.LinkedList.isEmpty(LinkedList.java:26)
	at com.datastructures.linkedlist.LinkedList.isEmpty(LinkedList.java:26)
	at com.datastructures.linkedlist.LinkedList.isEmpty(LinkedList.java:26)
	at com.datastructures.linkedlist.LinkedList.isEmpty(LinkedList.java:26)
	at com.datastructures.linkedlist.LinkedList.isEmpty(LinkedList.java:26)
	at com.datastructures.linkedlist.LinkedList.isEmpty(LinkedList.java:26)
	at com.datastructures.linkedlist.LinkedList.isEmpty(LinkedList.java:26)
	at com.datastructures.linkedlist.LinkedList.isEmpty(LinkedList.java:26)
	at com.datastructures.linkedlist.LinkedList.isEmpty(LinkedList.java:26)
	at com.datastructures.linkedlist.LinkedList.isEmpty(LinkedList.java:26)
	at com.datastructures.linkedlist.LinkedList.isEmpty(LinkedList.java:26)
	at com.datastructures.linkedlist.LinkedList.isEmpty(LinkedList.java:26)
	at com.datastructures.linkedlist.LinkedList.isEmpty(LinkedList.java:26)
	at com.datastructures.linkedlist.LinkedList.isEmpty(LinkedList.java:26)
	at com.datastructures.linkedlist.LinkedList.isEmpty(LinkedList.java:26)
	at com.datastructures.linkedlist.LinkedList.isEmpty(LinkedList.java:26)
	at com.datastructures.linkedlist.LinkedList.isEmpty(LinkedList.java:26)
	at com.datastructures.linkedlist.LinkedList.isEmpty(LinkedList.java:26)
	at com.datastructures.linkedlist.LinkedList.isEmpty(LinkedList.java:26)
	at com.datastructures.linkedlist.LinkedList.isEmpty(LinkedList.java:26)
	at com.datastructures.linkedlist.LinkedList.isEmpty(LinkedList.java:26)
	at com.datastructures.linkedlist.LinkedList.isEmpty(LinkedList.java:26)
	at com.datastructures.linkedlist.LinkedList.isEmpty(LinkedList.java:26)
	at com.datastructures.linkedlist.LinkedList.isEmpty(LinkedList.java:26)
	at com.datastructures.linkedlist.LinkedList.isEmpty(LinkedList.java:26)
	at com.datastructures.linkedlist.LinkedList.isEmpty(LinkedList.java:26)
	at com.datastructures.linkedlist.LinkedList.isEmpty(LinkedList.java:26)
	at com.datastructures.linkedlist.LinkedList.isEmpty(LinkedList.java:26)
	at com.datastructures.linkedlist.LinkedList.isEmpty(LinkedList.java:26)
	at com.datastructures.linkedlist.LinkedList.isEmpty(LinkedList.java:26)
	at com.datastructures.linkedlist.LinkedList.isEmpty(LinkedList.java:26)
	at com.datastructures.linkedlist.LinkedList.isEmpty(LinkedList.java:26)
	at com.datastructures.linkedlist.LinkedList.isEmpty(LinkedList.java:26)
	at com.datastructures.linkedlist.LinkedList.isEmpty(LinkedList.java:26)
	at com.datastructures.linkedlist.LinkedList.isEmpty(LinkedList.java:26)
	at com.datastructures.linkedlist.LinkedList.isEmpty(LinkedList.java:26)
	at com.datastructures.linkedlist.LinkedList.isEmpty(LinkedList.java:26)
	at com.datastructures.linkedlist.LinkedList.isEmpty(LinkedList.java:26)
	at com.datastructures.linkedlist.LinkedList.isEmpty(LinkedList.java:26)
	at com.datastructures.linkedlist.LinkedList.isEmpty(LinkedList.java:26)
	at com.datastructures.linkedlist.LinkedList.isEmpty(LinkedList.java:26)
	at com.datastructures.linkedlist.LinkedList.isEmpty(LinkedList.java:26)
	at com.datastructures.linkedlist.LinkedList.isEmpty(LinkedList.java:26)
	at com.datastructures.linkedlist.LinkedList.isEmpty(LinkedList.java:26)
	at com.datastructures.linkedlist.LinkedList.isEmpty(LinkedList.java:26)
	at com.datastructures.linkedlist.LinkedList.isEmpty(LinkedList.java:26)
	at com.datastructures.linkedlist.LinkedList.isEmpty(LinkedList.java:26)
	at com.datastructures.linkedlist.LinkedList.isEmpty(LinkedList.java:26)
	at com.datastructures.linkedlist.LinkedList.isEmpty(LinkedList.java:26)
	at com.datastructures.linkedlist.LinkedList.isEmpty(LinkedList.java:26)
	at com.datastructures.linkedlist.LinkedList.isEmpty(LinkedList.java:26)
	at com.datastructures.linkedlist.LinkedList.isEmpty(LinkedList.java:26)
	at com.datastructures.linkedlist.LinkedList.isEmpty(LinkedList.java:26)
	at com.datastructures.linkedlist.LinkedList.isEmpty(LinkedList.java:26)
	at com.datastructures.linkedlist.LinkedList.isEmpty(LinkedList.java:26)
	at com.datastructures.linkedlist.LinkedList.isEmpty(LinkedList.java:26)
	at com.datastructures.linkedlist.LinkedList.isEmpty(LinkedList.java:26)
	at com.datastructures.linkedlist.LinkedList.isEmpty(LinkedList.java:26)
	at com.datastructures.linkedlist.LinkedList.isEmpty(LinkedList.java:26)
	at com.datastructures.linkedlist.LinkedList.isEmpty(LinkedList.java:26)
	at com.datastructures.linkedlist.LinkedList.isEmpty(LinkedList.java:26)
	at com.datastructures.linkedlist.LinkedList.isEmpty(LinkedList.java:26)
	at com.datastructures.linkedlist.LinkedList.isEmpty(LinkedList.java:26)
	at com.datastructures.linkedlist.LinkedList.isEmpty(LinkedList.java:26)
	at com.datastructures.linkedlist.LinkedList.isEmpty(LinkedList.java:26)
	at com.datastructures.linkedlist.LinkedList.isEmpty(LinkedList.java:26)
	at com.datastructures.linkedlist.LinkedList.isEmpty(LinkedList.java:26)
	at com.datastructures.linkedlist.LinkedList.isEmpty(LinkedList.java:26)
	at com.datastructures.linkedlist.LinkedList.isEmpty(LinkedList.java:26)
	at com.datastructures.linkedlist.LinkedList.isEmpty(LinkedList.java:26)
	at com.datastructures.linkedlist.LinkedList.isEmpty(LinkedList.java:26)
	at com.datastructures.linkedlist.LinkedList.isEmpty(LinkedList.java:26)
	at com.datastructures.linkedlist.LinkedList.isEmpty(LinkedList.java:26)
	at com.datastructures.linkedlist.LinkedList.isEmpty(LinkedList.java:26)
	at com.datastructures.linkedlist.LinkedList.isEmpty(LinkedList.java:26)
</failure>
  </testcase>
  <system-out><![CDATA[Welcome To Stack Operation
70 >> 30 >> 56 >> null

Peak Operation:
56

Pop Operation
]]></system-out>
  <system-err><![CDATA[]]></system-err>
</testsuite>
